<?xml version="1.0" encoding="UTF-8"?>
<!-- Generated by org.testng.reporters.JUnitReportReporter -->
<testsuite skipped="0" hostname="DESKTOP-RSHK965" name="com.testcase.T005_EditCustomer" tests="3" failures="0" timestamp="28 Nov 2021 07:21:54 GMT" time="29.507" errors="0">
  <testcase name="login" time="9.431" classname="com.testcase.T005_EditCustomer"/>
  <testcase name="EditCust" time="10.243" classname="com.testcase.T005_EditCustomer"/>
  <testcase name="EditCust" time="9.833" classname="com.testcase.T005_EditCustomer"/>
</testsuite> <!-- com.testcase.T005_EditCustomer -->
