<?xml version="1.0" encoding="UTF-8"?>
<!-- Generated by org.testng.reporters.JUnitReportReporter -->
<testsuite skipped="0" hostname="DESKTOP-RSHK965" name="com.testcase.T002_LoginPageDDT" tests="3" failures="0" timestamp="23 Nov 2021 11:06:17 GMT" time="40.796" errors="0">
  <testcase name="loginDDTtest" time="10.192" classname="com.testcase.T002_LoginPageDDT"/>
  <testcase name="loginDDTtest" time="11.261" classname="com.testcase.T002_LoginPageDDT"/>
  <testcase name="loginDDTtest" time="19.343" classname="com.testcase.T002_LoginPageDDT"/>
</testsuite> <!-- com.testcase.T002_LoginPageDDT -->
