<?xml version="1.0" encoding="UTF-8"?>
<!-- Generated by org.testng.reporters.JUnitReportReporter -->
<testsuite skipped="0" hostname="DESKTOP-RSHK965" name="com.testcase.T006_MiniStatement" tests="2" failures="0" timestamp="30 Nov 2021 18:43:26 GMT" time="16.292" errors="0">
  <testcase name="login" time="10.077" classname="com.testcase.T006_MiniStatement"/>
  <testcase name="miniStm" time="6.215" classname="com.testcase.T006_MiniStatement"/>
</testsuite> <!-- com.testcase.T006_MiniStatement -->
