<?xml version="1.0" encoding="UTF-8"?>
<!-- Generated by org.testng.reporters.JUnitReportReporter -->
<testsuite skipped="0" hostname="DESKTOP-RSHK965" name="com.testcase.T004_addCustomer" tests="2" failures="0" timestamp="25 Nov 2021 18:31:35 GMT" time="15.812" errors="0">
  <testcase name="LoginCust" time="9.739" classname="com.testcase.T004_addCustomer"/>
  <testcase name="addCust" time="6.073" classname="com.testcase.T004_addCustomer"/>
</testsuite> <!-- com.testcase.T004_addCustomer -->
