<?xml version="1.0" encoding="UTF-8"?>
<!-- Generated by org.testng.reporters.JUnitReportReporter -->
<testsuite skipped="0" hostname="DESKTOP-RSHK965" name="com.testcase.T003_addCustomer" tests="3" failures="0" timestamp="26 Nov 2021 10:27:57 GMT" time="11.970" errors="0">
  <testcase name="login" time="7.132" classname="com.testcase.T003_addCustomer"/>
  <testcase name="addCustomer" time="1.714" classname="com.testcase.T003_addCustomer"/>
  <testcase name="addCustomer" time="3.124" classname="com.testcase.T003_addCustomer"/>
</testsuite> <!-- com.testcase.T003_addCustomer -->
