<?xml version="1.0" encoding="UTF-8"?>
<!-- Generated by org.testng.reporters.JUnitReportReporter -->
<testsuite skipped="0" hostname="DESKTOP-RSHK965" name="com.testcase.T004_addCustomer" tests="2" failures="0" timestamp="26 Nov 2021 18:33:23 GMT" time="23.330" errors="0">
  <testcase name="addCust" time="12.833" classname="com.testcase.T004_addCustomer"/>
  <testcase name="LoginCust" time="10.497" classname="com.testcase.T004_addCustomer"/>
</testsuite> <!-- com.testcase.T004_addCustomer -->
