<?xml version="1.0" encoding="UTF-8"?>
<!-- Generated by org.testng.reporters.JUnitReportReporter -->
<testsuite skipped="0" hostname="DESKTOP-RSHK965" name="com.testcase.T001_LoginPage" tests="1" failures="0" timestamp="22 Nov 2021 18:25:01 GMT" time="7.894" errors="0">
  <testcase name="login_test" time="7.894" classname="com.testcase.T001_LoginPage"/>
</testsuite> <!-- com.testcase.T001_LoginPage -->
