<?xml version="1.0" encoding="UTF-8"?>
<!-- Generated by org.testng.reporters.JUnitReportReporter -->
<testsuite skipped="0" hostname="DESKTOP-RSHK965" name="com.testcase.T001_LoginPage" tests="1" failures="0" timestamp="26 Nov 2021 18:33:23 GMT" time="18.272" errors="0">
  <testcase name="login_test" time="18.272" classname="com.testcase.T001_LoginPage"/>
</testsuite> <!-- com.testcase.T001_LoginPage -->
