<?xml version="1.0" encoding="UTF-8"?>
<!-- Generated by org.testng.reporters.JUnitReportReporter -->
<testsuite skipped="0" hostname="DESKTOP-RSHK965" name="com.testcase.T003_addCustomer" tests="3" failures="0" timestamp="26 Nov 2021 18:33:23 GMT" time="41.628" errors="0">
  <testcase name="login" time="7.648" classname="com.testcase.T003_addCustomer"/>
  <testcase name="addCustomer" time="16.183" classname="com.testcase.T003_addCustomer"/>
  <testcase name="addCustomer" time="17.797" classname="com.testcase.T003_addCustomer"/>
</testsuite> <!-- com.testcase.T003_addCustomer -->
