<?xml version="1.0" encoding="UTF-8"?>
<!-- Generated by org.testng.reporters.JUnitReportReporter -->
<testsuite skipped="0" hostname="DESKTOP-RSHK965" name="com.testcase.T001_LoginPage" tests="1" failures="0" timestamp="23 Nov 2021 11:55:05 GMT" time="14.078" errors="0">
  <testcase name="login_test" time="14.078" classname="com.testcase.T001_LoginPage"/>
</testsuite> <!-- com.testcase.T001_LoginPage -->
