<?xml version="1.0" encoding="UTF-8"?>
<!-- Generated by org.testng.reporters.JUnitReportReporter -->
<testsuite skipped="0" hostname="DESKTOP-RSHK965" name="com.testcase.T002_LoginPageDDT" tests="3" failures="0" timestamp="26 Nov 2021 18:33:23 GMT" time="64.392" errors="0">
  <testcase name="loginDDTtest" time="16.534" classname="com.testcase.T002_LoginPageDDT"/>
  <testcase name="loginDDTtest" time="34.183" classname="com.testcase.T002_LoginPageDDT"/>
  <testcase name="loginDDTtest" time="13.675" classname="com.testcase.T002_LoginPageDDT"/>
</testsuite> <!-- com.testcase.T002_LoginPageDDT -->
