<?xml version="1.0" encoding="UTF-8"?>
<!-- Generated by org.testng.reporters.JUnitReportReporter -->
<testsuite skipped="0" hostname="DESKTOP-RSHK965" name="com.testcase.T002_LoginPageDDT" tests="3" failures="0" timestamp="23 Nov 2021 11:55:05 GMT" time="48.252" errors="0">
  <testcase name="loginDDTtest" time="9.989" classname="com.testcase.T002_LoginPageDDT"/>
  <testcase name="loginDDTtest" time="20.748" classname="com.testcase.T002_LoginPageDDT"/>
  <testcase name="loginDDTtest" time="17.515" classname="com.testcase.T002_LoginPageDDT"/>
</testsuite> <!-- com.testcase.T002_LoginPageDDT -->
